
> build
> npm run build --workspaces


> how-do@0.0.0 build
> tsc -b && vite build

src/main.tsx(4,17): error TS5097: An import path can only end with a '.tsx' extension when 'allowImportingTsExtensions' is enabled.
npm error Lifecycle script `build` failed with error:
npm error code 2
npm error path C:\devProjects\semantic-baseline\digitalbackbone\apps\how-do
npm error workspace how-do@0.0.0
npm error location C:\devProjects\semantic-baseline\digitalbackbone\apps\how-do
npm error command failed
npm error command C:\WINDOWS\system32\cmd.exe /d /s /c tsc -b && vite build


> objectives-okr@0.0.0 build
> tsc -b && vite build

src/main.tsx(4,17): error TS5097: An import path can only end with a '.tsx' extension when 'allowImportingTsExtensions' is enabled.
vite.config.ts(7,3): error TS2769: No overload matches this call.
  The last overload gave the following error.
    Object literal may only specify known properties, and 'test' does not exist in type 'UserConfigExport'.
npm error Lifecycle script `build` failed with error:
npm error code 1
npm error path C:\devProjects\semantic-baseline\digitalbackbone\apps\objectives-okr
npm error workspace objectives-okr@0.0.0
npm error location C:\devProjects\semantic-baseline\digitalbackbone\apps\objectives-okr
npm error command failed
npm error command C:\WINDOWS\system32\cmd.exe /d /s /c tsc -b && vite build


> org-chart@0.0.0 build
> tsc -b && vite build

[36mvite v6.4.1 [32mbuilding for production...[36m[39m
transforming...
[32mâœ“[39m 2303 modules transformed.
rendering chunks...
computing gzip size...
[2mdist/[22m[32mindex.html                 [39m[1m[2m  0.47 kB[22m[1m[22m[2m â”‚ gzip:   0.30 kB[22m
[2mdist/[22m[35massets/index-DDIbvDq2.css  [39m[1m[2m 42.75 kB[22m[1m[22m[2m â”‚ gzip:   8.08 kB[22m
[2mdist/[22m[36massets/index-BdPJTDQ0.js   [39m[1m[33m981.91 kB[39m[22m[2m â”‚ gzip: 322.98 kB[22m
[33m
(!) Some chunks are larger than 500 kB after minification. Consider:
- Using dynamic import() to code-split the application
- Use build.rollupOptions.output.manualChunks to improve chunking: https://rollupjs.org/configuration-options/#output-manualchunks
- Adjust chunk size limit for this warning via build.chunkSizeWarningLimit.[39m
[32mâœ“ built in 6.32s[39m

> policy-governance@0.0.0 build
> tsc -b && vite build

[36mvite v6.4.1 [32mbuilding for production...[36m[39m
transforming...
[32mâœ“[39m 3268 modules transformed.
[33m[plugin vite:reporter] 
(!) C:/devProjects/semantic-baseline/digitalbackbone/packages/api-client/dist/index.js is dynamically imported by C:/devProjects/semantic-baseline/digitalbackbone/apps/policy-governance/src/store/policyStore.ts but also statically imported by C:/devProjects/semantic-baseline/digitalbackbone/apps/policy-governance/src/components/editor/ObligationComposer.tsx, C:/devProjects/semantic-baseline/digitalbackbone/apps/policy-governance/src/components/editor/PolicyEditor.tsx, C:/devProjects/semantic-baseline/digitalbackbone/packages/ui-components/dist/components/OwnerPicker.js, dynamic import will not move module into another chunk.
[39m
rendering chunks...
computing gzip size...
[2mdist/[22m[32mindex.html                 [39m[1m[2m  0.48 kB[22m[1m[22m[2m â”‚ gzip:   0.31 kB[22m
[2mdist/[22m[35massets/index-DQ3P1g1z.css  [39m[1m[2m  0.91 kB[22m[1m[22m[2m â”‚ gzip:   0.49 kB[22m
[2mdist/[22m[36massets/index-gyI72vKQ.js   [39m[1m[33m655.87 kB[39m[22m[2m â”‚ gzip: 206.47 kB[22m
[33m
(!) Some chunks are larger than 500 kB after minification. Consider:
- Using dynamic import() to code-split the application
- Use build.rollupOptions.output.manualChunks to improve chunking: https://rollupjs.org/configuration-options/#output-manualchunks
- Adjust chunk size limit for this warning via build.chunkSizeWarningLimit.[39m
[32mâœ“ built in 6.52s[39m

> semantic-operating-model@0.1.0 build
> tsc

src/index.ts(10,1): error TS2308: Module '@som/shared-types' has already exported a member named 'Constraint'. Consider explicitly re-exporting to resolve the ambiguity.
src/index.ts(10,1): error TS2308: Module '@som/shared-types' has already exported a member named 'ValidationError'. Consider explicitly re-exporting to resolve the ambiguity.
src/index.ts(10,1): error TS2308: Module '@som/shared-types' has already exported a member named 'ValidationResult'. Consider explicitly re-exporting to resolve the ambiguity.
src/index.ts(10,1): error TS2308: Module '@som/shared-types' has already exported a member named 'ValidationWarning'. Consider explicitly re-exporting to resolve the ambiguity.
src/seed/index.ts(480,7): error TS2561: Object literal may only specify known properties, but 'sourceHolonType' does not exist in type 'CreateRelationshipParams'. Did you mean to write 'sourceHolonID'?
src/seed/index.ts(523,5): error TS2561: Object literal may only specify known properties, but 'sourceHolonType' does not exist in type 'CreateRelationshipParams'. Did you mean to write 'sourceHolonID'?
src/seed/index.ts(566,7): error TS2561: Object literal may only specify known properties, but 'sourceHolonType' does not exist in type 'CreateRelationshipParams'. Did you mean to write 'sourceHolonID'?
src/seed/index.ts(683,5): error TS2561: Object literal may only specify known properties, but 'sourceHolonType' does not exist in type 'CreateRelationshipParams'. Did you mean to write 'sourceHolonID'?
src/seed/index.ts(723,5): error TS2561: Object literal may only specify known properties, but 'sourceHolonType' does not exist in type 'CreateRelationshipParams'. Did you mean to write 'sourceHolonID'?
npm error Lifecycle script `build` failed with error:
npm error code 2
npm error path C:\devProjects\semantic-baseline\digitalbackbone\apps\som-tier0
npm error workspace semantic-operating-model@0.1.0
npm error location C:\devProjects\semantic-baseline\digitalbackbone\apps\som-tier0
npm error command failed
npm error command C:\WINDOWS\system32\cmd.exe /d /s /c tsc


> task-management@0.0.0 build
> tsc -b && vite build

[36mvite v6.4.1 [32mbuilding for production...[36m[39m
transforming...
[32mâœ“[39m 1742 modules transformed.
rendering chunks...
computing gzip size...
[2mdist/[22m[32mindex.html                 [39m[1m[2m  0.48 kB[22m[1m[22m[2m â”‚ gzip:  0.30 kB[22m
[2mdist/[22m[35massets/index-Dntm9Q_c.css  [39m[1m[2m 15.01 kB[22m[1m[22m[2m â”‚ gzip:  3.52 kB[22m
[2mdist/[22m[36massets/index-BVLnI5DU.js   [39m[1m[2m  6.62 kB[22m[1m[22m[2m â”‚ gzip:  2.47 kB[22m
[2mdist/[22m[36massets/index-SaPfKx9b.js   [39m[1m[2m222.24 kB[22m[1m[22m[2m â”‚ gzip: 68.40 kB[22m
[32mâœ“ built in 3.52s[39m

> @som/api-client@0.1.0 build
> tsc


> @som/semantic-linter@0.1.0 build
> tsc


> @som/shared-types@0.1.0 build
> tsc


> @som/ui-components@0.1.0 build
> tsc

