
> task-management@0.0.0 build
> tsc -b && vite build

src/components/TaskInbox.test.tsx(15,21): error TS2353: Object literal may only specify known properties, and 'status' does not exist in type 'Task'.
src/components/TaskInbox.test.tsx(27,21): error TS2353: Object literal may only specify known properties, and 'status' does not exist in type 'Task'.
src/components/TaskInbox.test.tsx(58,48): error TS2339: Property 'status' does not exist on type 'Task'.
src/main.tsx(4,17): error TS5097: An import path can only end with a '.tsx' extension when 'allowImportingTsExtensions' is enabled.
vite.config.ts(7,13): error TS2769: No overload matches this call.
  The last overload gave the following error.
    Type 'Plugin<any>[]' is not assignable to type 'PluginOption'.
      Type 'Plugin<any>[]' is not assignable to type 'PluginOption[]'.
        Type 'Plugin<any>' is not assignable to type 'PluginOption'.
          Type 'import("C:/devProjects/semantic-baseline/digitalbackbone/node_modules/vite/dist/node/index").Plugin<any>' is not assignable to type 'import("C:/devProjects/semantic-baseline/digitalbackbone/apps/task-management/node_modules/vite/dist/node/index").Plugin<any>'.
            Types of property 'apply' are incompatible.
              Type '"build" | "serve" | ((this: void, config: import("C:/devProjects/semantic-baseline/digitalbackbone/node_modules/vite/dist/node/index").UserConfig, env: import("C:/devProjects/semantic-baseline/digitalbackbone/node_modules/vite/dist/node/index").ConfigEnv) => boolean) | undefined' is not assignable to type '"build" | "serve" | ((this: void, config: import("C:/devProjects/semantic-baseline/digitalbackbone/apps/task-management/node_modules/vite/dist/node/index").UserConfig, env: import("C:/devProjects/semantic-baseline/digitalbackbone/apps/task-management/node_modules/vite/dist/node/index").ConfigEnv) => boolean) | undef...'.
                Type '(this: void, config: UserConfig, env: ConfigEnv) => boolean' is not assignable to type '"build" | "serve" | ((this: void, config: UserConfig, env: ConfigEnv) => boolean) | undefined'.
                  Type '(this: void, config: import("C:/devProjects/semantic-baseline/digitalbackbone/node_modules/vite/dist/node/index").UserConfig, env: import("C:/devProjects/semantic-baseline/digitalbackbone/node_modules/vite/dist/node/index").ConfigEnv) => boolean' is not assignable to type '(this: void, config: import("C:/devProjects/semantic-baseline/digitalbackbone/apps/task-management/node_modules/vite/dist/node/index").UserConfig, env: import("C:/devProjects/semantic-baseline/digitalbackbone/apps/task-management/node_modules/vite/dist/node/index").ConfigEnv) => boolean'.
                    Types of parameters 'config' and 'config' are incompatible.
                      Type 'import("C:/devProjects/semantic-baseline/digitalbackbone/apps/task-management/node_modules/vite/dist/node/index").UserConfig' is not assignable to type 'import("C:/devProjects/semantic-baseline/digitalbackbone/node_modules/vite/dist/node/index").UserConfig'.
                        Types of property 'plugins' are incompatible.
                          Type 'import("C:/devProjects/semantic-baseline/digitalbackbone/apps/task-management/node_modules/vite/dist/node/index").PluginOption[] | undefined' is not assignable to type 'import("C:/devProjects/semantic-baseline/digitalbackbone/node_modules/vite/dist/node/index").PluginOption[] | undefined'.
                            Type 'import("C:/devProjects/semantic-baseline/digitalbackbone/apps/task-management/node_modules/vite/dist/node/index").PluginOption[]' is not assignable to type 'import("C:/devProjects/semantic-baseline/digitalbackbone/node_modules/vite/dist/node/index").PluginOption[]'.
                              Type 'import("C:/devProjects/semantic-baseline/digitalbackbone/apps/task-management/node_modules/vite/dist/node/index").PluginOption' is not assignable to type 'import("C:/devProjects/semantic-baseline/digitalbackbone/node_modules/vite/dist/node/index").PluginOption'.
                                Type 'Plugin<any>' is not assignable to type 'PluginOption'.
                                  Type 'import("C:/devProjects/semantic-baseline/digitalbackbone/apps/task-management/node_modules/vite/dist/node/index").Plugin<any>' is not assignable to type 'import("C:/devProjects/semantic-baseline/digitalbackbone/node_modules/vite/dist/node/index").Plugin<any>'.
                                    Types of property 'apply' are incompatible.
                                      Type '"build" | "serve" | ((this: void, config: import("C:/devProjects/semantic-baseline/digitalbackbone/apps/task-management/node_modules/vite/dist/node/index").UserConfig, env: import("C:/devProjects/semantic-baseline/digitalbackbone/apps/task-management/node_modules/vite/dist/node/index").ConfigEnv) => boolean) | undef...' is not assignable to type '"build" | "serve" | ((this: void, config: import("C:/devProjects/semantic-baseline/digitalbackbone/node_modules/vite/dist/node/index").UserConfig, env: import("C:/devProjects/semantic-baseline/digitalbackbone/node_modules/vite/dist/node/index").ConfigEnv) => boolean) | undefined'.
                                        Type '(this: void, config: UserConfig, env: ConfigEnv) => boolean' is not assignable to type '"build" | "serve" | ((this: void, config: UserConfig, env: ConfigEnv) => boolean) | undefined'.
                                          Type '(this: void, config: import("C:/devProjects/semantic-baseline/digitalbackbone/apps/task-management/node_modules/vite/dist/node/index").UserConfig, env: import("C:/devProjects/semantic-baseline/digitalbackbone/apps/task-management/node_modules/vite/dist/node/index").ConfigEnv) => boolean' is not assignable to type '(this: void, config: import("C:/devProjects/semantic-baseline/digitalbackbone/node_modules/vite/dist/node/index").UserConfig, env: import("C:/devProjects/semantic-baseline/digitalbackbone/node_modules/vite/dist/node/index").ConfigEnv) => boolean'.
                                            Types of parameters 'config' and 'config' are incompatible.
                                              Type 'import("C:/devProjects/semantic-baseline/digitalbackbone/node_modules/vite/dist/node/index").UserConfig' is not assignable to type 'import("C:/devProjects/semantic-baseline/digitalbackbone/apps/task-management/node_modules/vite/dist/node/index").UserConfig'.
                                                Types of property 'plugins' are incompatible.
                                                  Type 'import("C:/devProjects/semantic-baseline/digitalbackbone/node_modules/vite/dist/node/index").PluginOption[] | undefined' is not assignable to type 'import("C:/devProjects/semantic-baseline/digitalbackbone/apps/task-management/node_modules/vite/dist/node/index").PluginOption[] | undefined'.
                                                    Type 'import("C:/devProjects/semantic-baseline/digitalbackbone/node_modules/vite/dist/node/index").PluginOption[]' is not assignable to type 'import("C:/devProjects/semantic-baseline/digitalbackbone/apps/task-management/node_modules/vite/dist/node/index").PluginOption[]'.
                                                      Type 'import("C:/devProjects/semantic-baseline/digitalbackbone/node_modules/vite/dist/node/index").PluginOption' is not assignable to type 'import("C:/devProjects/semantic-baseline/digitalbackbone/apps/task-management/node_modules/vite/dist/node/index").PluginOption'.
                                                        Type 'Promise<false | Plugin<any> | PluginOption[] | null | undefined>' is not assignable to type 'PluginOption'.
                                                          Type 'Promise<false | Plugin<any> | PluginOption[] | null | undefined>' is not assignable to type 'Promise<Plugin<any> | FalsyPlugin | PluginOption[]>'.
                                                            Type 'false | Plugin<any> | PluginOption[] | null | undefined' is not assignable to type 'Plugin<any> | FalsyPlugin | PluginOption[]'.
                                                              Type 'Plugin<any>' is not assignable to type 'Plugin<any> | FalsyPlugin | PluginOption[]'.
npm error Lifecycle script `build` failed with error:
npm error code 1
npm error path C:\devProjects\semantic-baseline\digitalbackbone\apps\task-management
npm error workspace task-management@0.0.0
npm error location C:\devProjects\semantic-baseline\digitalbackbone\apps\task-management
npm error command failed
npm error command C:\WINDOWS\system32\cmd.exe /d /s /c tsc -b && vite build
