
> task-management@0.0.0 build
> tsc -b && vite build

src/App.tsx(1,3): error TS1443: Module declaration names may only use ' or " quoted strings.
src/App.tsx(21,29): error TS1005: ';' expected.
src/App.tsx(21,42): error TS1005: ';' expected.
src/App.tsx(21,59): error TS1005: ';' expected.
src/App.tsx(29,23): error TS1005: ';' expected.
src/App.tsx(29,29): error TS1005: ';' expected.
src/App.tsx(29,42): error TS1005: ';' expected.
src/App.tsx(29,59): error TS1005: ';' expected.
src/App.tsx(37,23): error TS1005: ';' expected.
src/App.tsx(37,29): error TS1005: ';' expected.
src/App.tsx(37,42): error TS1005: ';' expected.
src/App.tsx(37,59): error TS1005: ';' expected.
src/App.tsx(54,1): error TS1160: Unterminated template literal.
src/components/TaskInbox.tsx(1,3): error TS1443: Module declaration names may only use ' or " quoted strings.
src/components/TaskInbox.tsx(48,41): error TS1434: Unexpected keyword or identifier.
src/components/TaskInbox.tsx(48,61): error TS1005: ';' expected.
src/components/TaskInbox.tsx(48,69): error TS1005: ';' expected.
src/components/TaskInbox.tsx(48,75): error TS1005: ';' expected.
src/components/TaskInbox.tsx(48,88): error TS1005: ';' expected.
src/components/TaskInbox.tsx(48,112): error TS1005: ';' expected.
src/components/TaskInbox.tsx(48,129): error TS1005: ';' expected.
src/components/TaskInbox.tsx(65,49): error TS1005: ';' expected.
src/components/TaskInbox.tsx(65,63): error TS1005: ';' expected.
src/components/TaskInbox.tsx(65,75): error TS1005: ';' expected.
src/components/TaskInbox.tsx(65,84): error TS1434: Unexpected keyword or identifier.
src/components/TaskInbox.tsx(69,55): error TS1005: ';' expected.
src/components/TaskInbox.tsx(69,77): error TS1005: ';' expected.
src/components/TaskInbox.tsx(69,94): error TS1005: ';' expected.
vite.config.ts(7,13): error TS2769: No overload matches this call.
  The last overload gave the following error.
    Type 'Plugin<any>[]' is not assignable to type 'PluginOption'.
      Type 'Plugin<any>[]' is not assignable to type 'PluginOption[]'.
        Type 'Plugin<any>' is not assignable to type 'PluginOption'.
          Type 'import("C:/devProjects/semantic-baseline/digitalbackbone/node_modules/vite/dist/node/index").Plugin<any>' is not assignable to type 'import("C:/devProjects/semantic-baseline/digitalbackbone/apps/task-management/node_modules/vite/dist/node/index").Plugin<any>'.
            Types of property 'apply' are incompatible.
              Type '"build" | "serve" | ((this: void, config: import("C:/devProjects/semantic-baseline/digitalbackbone/node_modules/vite/dist/node/index").UserConfig, env: import("C:/devProjects/semantic-baseline/digitalbackbone/node_modules/vite/dist/node/index").ConfigEnv) => boolean) | undefined' is not assignable to type '"build" | "serve" | ((this: void, config: import("C:/devProjects/semantic-baseline/digitalbackbone/apps/task-management/node_modules/vite/dist/node/index").UserConfig, env: import("C:/devProjects/semantic-baseline/digitalbackbone/apps/task-management/node_modules/vite/dist/node/index").ConfigEnv) => boolean) | undef...'.
                Type '(this: void, config: UserConfig, env: ConfigEnv) => boolean' is not assignable to type '"build" | "serve" | ((this: void, config: UserConfig, env: ConfigEnv) => boolean) | undefined'.
                  Type '(this: void, config: import("C:/devProjects/semantic-baseline/digitalbackbone/node_modules/vite/dist/node/index").UserConfig, env: import("C:/devProjects/semantic-baseline/digitalbackbone/node_modules/vite/dist/node/index").ConfigEnv) => boolean' is not assignable to type '(this: void, config: import("C:/devProjects/semantic-baseline/digitalbackbone/apps/task-management/node_modules/vite/dist/node/index").UserConfig, env: import("C:/devProjects/semantic-baseline/digitalbackbone/apps/task-management/node_modules/vite/dist/node/index").ConfigEnv) => boolean'.
                    Types of parameters 'config' and 'config' are incompatible.
                      Type 'import("C:/devProjects/semantic-baseline/digitalbackbone/apps/task-management/node_modules/vite/dist/node/index").UserConfig' is not assignable to type 'import("C:/devProjects/semantic-baseline/digitalbackbone/node_modules/vite/dist/node/index").UserConfig'.
                        Types of property 'plugins' are incompatible.
                          Type 'import("C:/devProjects/semantic-baseline/digitalbackbone/apps/task-management/node_modules/vite/dist/node/index").PluginOption[] | undefined' is not assignable to type 'import("C:/devProjects/semantic-baseline/digitalbackbone/node_modules/vite/dist/node/index").PluginOption[] | undefined'.
                            Type 'import("C:/devProjects/semantic-baseline/digitalbackbone/apps/task-management/node_modules/vite/dist/node/index").PluginOption[]' is not assignable to type 'import("C:/devProjects/semantic-baseline/digitalbackbone/node_modules/vite/dist/node/index").PluginOption[]'.
                              Type 'import("C:/devProjects/semantic-baseline/digitalbackbone/apps/task-management/node_modules/vite/dist/node/index").PluginOption' is not assignable to type 'import("C:/devProjects/semantic-baseline/digitalbackbone/node_modules/vite/dist/node/index").PluginOption'.
                                Type 'Plugin<any>' is not assignable to type 'PluginOption'.
                                  Type 'import("C:/devProjects/semantic-baseline/digitalbackbone/apps/task-management/node_modules/vite/dist/node/index").Plugin<any>' is not assignable to type 'import("C:/devProjects/semantic-baseline/digitalbackbone/node_modules/vite/dist/node/index").Plugin<any>'.
                                    Types of property 'apply' are incompatible.
                                      Type '"build" | "serve" | ((this: void, config: import("C:/devProjects/semantic-baseline/digitalbackbone/apps/task-management/node_modules/vite/dist/node/index").UserConfig, env: import("C:/devProjects/semantic-baseline/digitalbackbone/apps/task-management/node_modules/vite/dist/node/index").ConfigEnv) => boolean) | undef...' is not assignable to type '"build" | "serve" | ((this: void, config: import("C:/devProjects/semantic-baseline/digitalbackbone/node_modules/vite/dist/node/index").UserConfig, env: import("C:/devProjects/semantic-baseline/digitalbackbone/node_modules/vite/dist/node/index").ConfigEnv) => boolean) | undefined'.
                                        Type '(this: void, config: UserConfig, env: ConfigEnv) => boolean' is not assignable to type '"build" | "serve" | ((this: void, config: UserConfig, env: ConfigEnv) => boolean) | undefined'.
                                          Type '(this: void, config: import("C:/devProjects/semantic-baseline/digitalbackbone/apps/task-management/node_modules/vite/dist/node/index").UserConfig, env: import("C:/devProjects/semantic-baseline/digitalbackbone/apps/task-management/node_modules/vite/dist/node/index").ConfigEnv) => boolean' is not assignable to type '(this: void, config: import("C:/devProjects/semantic-baseline/digitalbackbone/node_modules/vite/dist/node/index").UserConfig, env: import("C:/devProjects/semantic-baseline/digitalbackbone/node_modules/vite/dist/node/index").ConfigEnv) => boolean'.
                                            Types of parameters 'config' and 'config' are incompatible.
                                              Type 'import("C:/devProjects/semantic-baseline/digitalbackbone/node_modules/vite/dist/node/index").UserConfig' is not assignable to type 'import("C:/devProjects/semantic-baseline/digitalbackbone/apps/task-management/node_modules/vite/dist/node/index").UserConfig'.
                                                Types of property 'plugins' are incompatible.
                                                  Type 'import("C:/devProjects/semantic-baseline/digitalbackbone/node_modules/vite/dist/node/index").PluginOption[] | undefined' is not assignable to type 'import("C:/devProjects/semantic-baseline/digitalbackbone/apps/task-management/node_modules/vite/dist/node/index").PluginOption[] | undefined'.
                                                    Type 'import("C:/devProjects/semantic-baseline/digitalbackbone/node_modules/vite/dist/node/index").PluginOption[]' is not assignable to type 'import("C:/devProjects/semantic-baseline/digitalbackbone/apps/task-management/node_modules/vite/dist/node/index").PluginOption[]'.
                                                      Type 'import("C:/devProjects/semantic-baseline/digitalbackbone/node_modules/vite/dist/node/index").PluginOption' is not assignable to type 'import("C:/devProjects/semantic-baseline/digitalbackbone/apps/task-management/node_modules/vite/dist/node/index").PluginOption'.
                                                        Type 'Promise<false | Plugin<any> | PluginOption[] | null | undefined>' is not assignable to type 'PluginOption'.
                                                          Type 'Promise<false | Plugin<any> | PluginOption[] | null | undefined>' is not assignable to type 'Promise<Plugin<any> | FalsyPlugin | PluginOption[]>'.
                                                            Type 'false | Plugin<any> | PluginOption[] | null | undefined' is not assignable to type 'Plugin<any> | FalsyPlugin | PluginOption[]'.
                                                              Type 'Plugin<any>' is not assignable to type 'Plugin<any> | FalsyPlugin | PluginOption[]'.
npm error Lifecycle script `build` failed with error:
npm error code 1
npm error path C:\devProjects\semantic-baseline\digitalbackbone\apps\task-management
npm error workspace task-management@0.0.0
npm error location C:\devProjects\semantic-baseline\digitalbackbone\apps\task-management
npm error command failed
npm error command C:\WINDOWS\system32\cmd.exe /d /s /c tsc -b && vite build
